2021-07-30T10:05:42.396Z INFO webdriver: Initiate new session using the WebDriver protocol
2021-07-30T10:05:42.507Z INFO webdriver: [POST] http://127.0.0.1:4723/wd/hub/session
2021-07-30T10:05:42.507Z INFO webdriver: DATA {
  capabilities: {
    alwaysMatch: {
      platformName: 'Android',
      platformVersion: '9',
      deviceName: 'Android Emulator',
      app: 'C:\\Users\\user\\AndroidStudioProjects\\HappyBirthday\\app/build/outputs/apk/debug/app-debug.apk',
      automationName: 'UiAutomator2',
      newCommandTimeout: 10
    },
    firstMatch: [ {} ]
  },
  desiredCapabilities: {
    platformName: 'Android',
    platformVersion: '9',
    deviceName: 'Android Emulator',
    app: 'C:\\Users\\user\\AndroidStudioProjects\\HappyBirthday\\app/build/outputs/apk/debug/app-debug.apk',
    automationName: 'UiAutomator2',
    newCommandTimeout: 10
  }
}
2021-07-30T10:05:53.940Z INFO webdriver: COMMAND findElement("xpath", "//android.widget.FrameLayout/android.view.ViewGroup/android.widget.FrameLayout[1]/android.view.ViewGroup/android.widget.TextView")
2021-07-30T10:05:53.941Z INFO webdriver: [POST] http://127.0.0.1:4723/wd/hub/session/0c81aa6f-e2bb-4e75-9c10-6f302760c022/element
2021-07-30T10:05:53.941Z INFO webdriver: DATA {
  using: 'xpath',
  value: '//android.widget.FrameLayout/android.view.ViewGroup/android.widget.FrameLayout[1]/android.view.ViewGroup/android.widget.TextView'
}
2021-07-30T10:05:54.487Z INFO webdriver: RESULT {
  'element-6066-11e4-a52e-4f735466cecf': '364881d3-d622-4d87-b8f3-14c082cc37b1',
  ELEMENT: '364881d3-d622-4d87-b8f3-14c082cc37b1'
}
2021-07-30T10:05:54.501Z INFO webdriver: COMMAND getElementText("364881d3-d622-4d87-b8f3-14c082cc37b1")
2021-07-30T10:05:54.501Z INFO webdriver: [GET] http://127.0.0.1:4723/wd/hub/session/0c81aa6f-e2bb-4e75-9c10-6f302760c022/element/364881d3-d622-4d87-b8f3-14c082cc37b1/text
2021-07-30T10:05:54.624Z INFO webdriver: RESULT Happy Birthday
2021-07-30T10:05:54.627Z INFO webdriver: COMMAND findElement("xpath", "//*[@resource-id="com.example.happybirthday:id/textView"]")
2021-07-30T10:05:54.627Z INFO webdriver: [POST] http://127.0.0.1:4723/wd/hub/session/0c81aa6f-e2bb-4e75-9c10-6f302760c022/element
2021-07-30T10:05:54.628Z INFO webdriver: DATA {
  using: 'xpath',
  value: '//*[@resource-id="com.example.happybirthday:id/textView"]'
}
2021-07-30T10:05:54.702Z INFO webdriver: RESULT {
  'element-6066-11e4-a52e-4f735466cecf': 'a45a3951-dc06-49c2-b7b9-1bdcef91a21d',
  ELEMENT: 'a45a3951-dc06-49c2-b7b9-1bdcef91a21d'
}
2021-07-30T10:05:54.709Z INFO webdriver: COMMAND getElementText("a45a3951-dc06-49c2-b7b9-1bdcef91a21d")
2021-07-30T10:05:54.709Z INFO webdriver: [GET] http://127.0.0.1:4723/wd/hub/session/0c81aa6f-e2bb-4e75-9c10-6f302760c022/element/a45a3951-dc06-49c2-b7b9-1bdcef91a21d/text
2021-07-30T10:05:54.736Z INFO webdriver: RESULT Happy Birthday, Sam!
2021-07-30T10:05:54.738Z INFO webdriver: COMMAND findElement("xpath", "//*[@resource-id="com.example.happybirthday:id/textView2"]")
2021-07-30T10:05:54.738Z INFO webdriver: [POST] http://127.0.0.1:4723/wd/hub/session/0c81aa6f-e2bb-4e75-9c10-6f302760c022/element
2021-07-30T10:05:54.738Z INFO webdriver: DATA {
  using: 'xpath',
  value: '//*[@resource-id="com.example.happybirthday:id/textView2"]'
}
2021-07-30T10:05:54.806Z INFO webdriver: RESULT {
  'element-6066-11e4-a52e-4f735466cecf': 'f3e777aa-bf60-44c7-a945-dcea1db6e0d7',
  ELEMENT: 'f3e777aa-bf60-44c7-a945-dcea1db6e0d7'
}
2021-07-30T10:05:54.811Z INFO webdriver: COMMAND getElementText("f3e777aa-bf60-44c7-a945-dcea1db6e0d7")
2021-07-30T10:05:54.811Z INFO webdriver: [GET] http://127.0.0.1:4723/wd/hub/session/0c81aa6f-e2bb-4e75-9c10-6f302760c022/element/f3e777aa-bf60-44c7-a945-dcea1db6e0d7/text
2021-07-30T10:05:54.835Z INFO webdriver: RESULT From Emma.
2021-07-30T10:05:54.837Z INFO webdriver: COMMAND findElement("xpath", "//*[@resource-id="com.example.happybirthday:id/textView2"]")
2021-07-30T10:05:54.837Z INFO webdriver: [POST] http://127.0.0.1:4723/wd/hub/session/0c81aa6f-e2bb-4e75-9c10-6f302760c022/element
2021-07-30T10:05:54.837Z INFO webdriver: DATA {
  using: 'xpath',
  value: '//*[@resource-id="com.example.happybirthday:id/textView2"]'
}
2021-07-30T10:05:54.892Z INFO webdriver: RESULT {
  'element-6066-11e4-a52e-4f735466cecf': '7a4ea759-a0e3-4bd6-9620-c8f667c5c49a',
  ELEMENT: '7a4ea759-a0e3-4bd6-9620-c8f667c5c49a'
}
2021-07-30T10:05:54.898Z INFO webdriver: COMMAND getElementText("7a4ea759-a0e3-4bd6-9620-c8f667c5c49a")
2021-07-30T10:05:54.899Z INFO webdriver: [GET] http://127.0.0.1:4723/wd/hub/session/0c81aa6f-e2bb-4e75-9c10-6f302760c022/element/7a4ea759-a0e3-4bd6-9620-c8f667c5c49a/text
2021-07-30T10:05:54.922Z INFO webdriver: RESULT From Emma.
2021-07-30T10:05:54.925Z INFO webdriver: COMMAND deleteSession()
2021-07-30T10:05:54.925Z INFO webdriver: [DELETE] http://127.0.0.1:4723/wd/hub/session/0c81aa6f-e2bb-4e75-9c10-6f302760c022
